<?xml version="1.0" encoding="UTF-8"?>
<!-- Generated by org.testng.reporters.JUnitReportReporter -->
<testsuite hostname="dell-PC" name="Selenium3.FirstTestNgFile" tests="1" failures="0" timestamp="18 Sep 2019 08:25:19 GMT" time="2.225" errors="0">
  <testcase name="test" time="2.225" classname="Selenium3.FirstTestNgFile"/>
</testsuite> <!-- Selenium3.FirstTestNgFile -->
