<?xml version="1.0" encoding="UTF-8"?>
<!-- Generated by org.testng.reporters.JUnitReportReporter -->
<testsuite hostname="dell-PC" name="Selenium3.DataProvidertest" tests="2" failures="0" timestamp="18 Sep 2019 05:15:50 GMT" time="0.009" errors="0">
  <testcase name="f" time="0.004" classname="Selenium3.DataProvidertest"/>
  <testcase name="f" time="0.005" classname="Selenium3.DataProvidertest"/>
</testsuite> <!-- Selenium3.DataProvidertest -->
